0 info it worked if it ends with ok
1 verbose cli [ '/usr/local/bin/node',
1 verbose cli   '/usr/local/bin/npm',
1 verbose cli   'install',
1 verbose cli   'readable-stream/transform' ]
2 info using npm@1.4.28
3 info using node@v0.10.32
4 warn package.json stats@0.0.0 No description
5 warn package.json stats@0.0.0 No repository field.
6 warn package.json stats@0.0.0 No README data
7 verbose readDependencies using package.json deps
8 verbose cache add [ 'readable-stream/transform', null ]
9 verbose cache add name=undefined spec="readable-stream/transform" args=["readable-stream/transform",null]
10 verbose parsed url { protocol: null,
10 verbose parsed url   slashes: null,
10 verbose parsed url   auth: null,
10 verbose parsed url   host: null,
10 verbose parsed url   port: null,
10 verbose parsed url   hostname: null,
10 verbose parsed url   hash: null,
10 verbose parsed url   search: null,
10 verbose parsed url   query: null,
10 verbose parsed url   pathname: 'readable-stream/transform',
10 verbose parsed url   path: 'readable-stream/transform',
10 verbose parsed url   href: 'readable-stream/transform' }
11 silly lockFile 430afb73-readable-stream-transform readable-stream/transform
12 verbose lock readable-stream/transform /root/.npm/430afb73-readable-stream-transform.lock
13 info maybeGithub Attempting readable-stream/transform from git://github.com/readable-stream/transform
14 silly lockFile b9d3c0b9-ub-com-readable-stream-transform git://github.com/readable-stream/transform
15 verbose lock git://github.com/readable-stream/transform /root/.npm/b9d3c0b9-ub-com-readable-stream-transform.lock
16 verbose addRemoteGit [ 'git://github.com/readable-stream/transform', 'master' ]
17 verbose git clone git://github.com/readable-stream/transform Cloning into bare repository '/root/.npm/_git-remotes/git-github-com-readable-stream-transform-b9d3c0b9'...
17 verbose git clone git://github.com/readable-stream/transform fatal: remote error:
17 verbose git clone git://github.com/readable-stream/transform   Repository not found.
18 silly lockFile b9d3c0b9-ub-com-readable-stream-transform git://github.com/readable-stream/transform
19 silly lockFile b9d3c0b9-ub-com-readable-stream-transform git://github.com/readable-stream/transform
20 info maybeGithub Attempting readable-stream/transform from git+ssh://git@github.com:readable-stream/transform
21 silly lockFile 31400a7b-ub-com-readable-stream-transform git@github.com:readable-stream/transform
22 verbose lock git@github.com:readable-stream/transform /root/.npm/31400a7b-ub-com-readable-stream-transform.lock
23 verbose addRemoteGit [ 'git@github.com:readable-stream/transform', 'master' ]
24 error git clone git@github.com:readable-stream/transform Cloning into bare repository '/root/.npm/_git-remotes/git-github-com-readable-stream-transform-31400a7b'...
24 error git clone git@github.com:readable-stream/transform ERROR: Repository not found.
24 error git clone git@github.com:readable-stream/transform fatal: Could not read from remote repository.
24 error git clone git@github.com:readable-stream/transform
24 error git clone git@github.com:readable-stream/transform Please make sure you have the correct access rights
24 error git clone git@github.com:readable-stream/transform and the repository exists.
25 silly lockFile 31400a7b-ub-com-readable-stream-transform git@github.com:readable-stream/transform
26 silly lockFile 31400a7b-ub-com-readable-stream-transform git@github.com:readable-stream/transform
27 silly lockFile 430afb73-readable-stream-transform readable-stream/transform
28 silly lockFile 430afb73-readable-stream-transform readable-stream/transform
29 error addLocal Could not install readable-stream/transform
30 error Error: ENOENT, stat 'readable-stream/transform'
31 error If you need help, you may report this *entire* log,
31 error including the npm and node versions, at:
31 error     <http://github.com/npm/npm/issues>
32 error System Linux 3.13.0-36-generic
33 error command "/usr/local/bin/node" "/usr/local/bin/npm" "install" "readable-stream/transform"
34 error cwd /opt/mean/ergoapp/stats
35 error node -v v0.10.32
36 error npm -v 1.4.28
37 error path readable-stream/transform
38 error code ENOENT
39 error errno 34
40 verbose exit [ 34, true ]
